Arguments: 
  /home/squash/.nvm/versions/node/v14.15.4/bin/node /home/squash/.nvm/versions/node/v14.15.4/bin/yarn init

PATH: 
  /home/squash/.nvm/versions/node/v14.15.4/bin:/home/squash/.local/bin:/usr/local/sbin:/usr/local/bin:/usr/sbin:/usr/bin:/sbin:/bin:/usr/games:/usr/local/games:/snap/bin

Yarn version: 
  1.22.10

Node version: 
  14.15.4

Platform: 
  linux x64

Trace: 
  Error: canceled
      at Interface.<anonymous> (/home/squash/.nvm/versions/node/v14.15.4/lib/node_modules/yarn/lib/cli.js:136216:13)
      at Interface.emit (events.js:315:20)
      at Interface._ttyWrite (readline.js:875:16)
      at ReadStream.onkeypress (readline.js:213:10)
      at ReadStream.emit (events.js:315:20)
      at emitKeys (internal/readline/utils.js:345:14)
      at emitKeys.next (<anonymous>)
      at ReadStream.onData (readline.js:1144:36)
      at ReadStream.emit (events.js:315:20)
      at addChunk (internal/streams/readable.js:309:12)

npm manifest: 
  {
    "name": "api",
    "version": "1.0.0",
    "main": "index.js",
    "dependencies": {
      "bcryptjs": "^2.4.3",
      "body-parser": "^1.19.0",
      "cors": "^2.8.5",
      "express": "^4.17.1",
      "jsonwebtoken": "^8.5.1",
      "moment": "^2.29.1",
      "mongoose": "^5.11.12",
      "morgan": "^1.10.0",
      "multer": "^1.4.2",
      "passport": "^0.4.1",
      "passport-jwt": "^4.0.0"
    },
    "devDependencies": {
      "nodemon": "^2.0.7"
    },
    "scripts": {
      "start": "node index",
      "server": "nodemon index"
    },
    "author": "Pavel Butko",
    "license": "ISC",
    "description": "api"
  }

yarn manifest: 
  No manifest

Lockfile: 
  No lockfile
